<?xml version="1.0" encoding="UTF-8"?>
<testng-results ignored="0" total="1" passed="1" failed="0" skipped="0">
  <reporter-output>
  </reporter-output>
  <suite started-at="2025-12-28T16:24:53 IST" name="Default suite" finished-at="2025-12-28T16:24:54 IST" duration-ms="1112">
    <groups>
    </groups>
    <test started-at="2025-12-28T16:24:53 IST" name="Default test" finished-at="2025-12-28T16:24:54 IST" duration-ms="1112">
      <class name="sumValidation">
        <test-method signature="sumofCourses()[pri:0, instance:sumValidation@72e5a8e]" started-at="2025-12-28T16:24:53 IST" name="sumofCourses" finished-at="2025-12-28T16:24:54 IST" duration-ms="1077" status="PASS">
          <reporter-output>
          </reporter-output>
        </test-method> <!-- sumofCourses -->
      </class> <!-- sumValidation -->
    </test> <!-- Default test -->
  </suite> <!-- Default suite -->
</testng-results>
