<?xml version="1.0" encoding="UTF-8"?>
<!-- Generated by org.testng.reporters.JUnitReportReporter -->
<testsuite hostname="DESKTOP-THU14GU" failures="0" tests="2" name="CucumberOptions.TestNGTestRunner" time="29.083" errors="0" timestamp="2024-06-11T19:56:14 IST" skipped="0">
  <testcase classname="CucumberOptions.TestNGTestRunner" name="runScenario" time="15.606"/>
  <testcase classname="CucumberOptions.TestNGTestRunner" name="runScenario" time="13.477"/>
</testsuite> <!-- CucumberOptions.TestNGTestRunner -->
